shade of brown: RGB( 152, 155, 67) + shade of indigo: RGB( 98, 24, 175)
shade of brown: RGB( 152, 155, 67) + shade of indigo: RGB( 19, 97, 194)
shade of brown: RGB( 152, 155, 67) + shade of indigo: RGB( 6, 21, 75)
shade of brown: RGB( 152, 155, 67) + shade of indigo: RGB( 127, 43, 180)
shade of green: RGB( 125, 226, 88) + shade of indigo: RGB( 98, 24, 175)
shade of green: RGB( 125, 226, 88) + shade of indigo: RGB( 19, 97, 194)
shade of green: RGB( 125, 226, 88) + shade of indigo: RGB( 6, 21, 75)
shade of green: RGB( 125, 226, 88) + shade of indigo: RGB( 127, 43, 180)
shade of gray: RGB( 136, 199, 112) + shade of indigo: RGB( 98, 24, 175)
shade of gray: RGB( 136, 199, 112) + shade of indigo: RGB( 19, 97, 194)
shade of gray: RGB( 136, 199, 112) + shade of indigo: RGB( 6, 21, 75)
shade of gray: RGB( 136, 199, 112) + shade of indigo: RGB( 127, 43, 180)
shade of gray: RGB( 143, 69, 102) + shade of gray: RGB( 136, 199, 112)
shade of gray: RGB( 143, 69, 102) + shade of gray: RGB( 143, 69, 102)
shade of gray: RGB( 143, 69, 102) + shade of gray: RGB( 12, 90, 142)
shade of gray: RGB( 143, 69, 102) + shade of gray: RGB( 132, 99, 83)
shade of gray: RGB( 143, 69, 102) + shade of gray: RGB( 75, 138, 36)
shade of gray: RGB( 143, 69, 102) + shade of gray: RGB( 45, 152, 86)
shade of gray: RGB( 143, 69, 102) + shade of gray: RGB( 228, 172, 142)
shade of gray: RGB( 143, 69, 102) + shade of gray: RGB( 14, 162, 99)
shade of gray: RGB( 143, 69, 102) + shade of gray: RGB( 158, 138, 113)
shade of gray: RGB( 143, 69, 102) + shade of gray: RGB( 65, 69, 51)
shade of gray: RGB( 143, 69, 102) + shade of gray: RGB( 88, 127, 91)
shade of gray: RGB( 143, 69, 102) + shade of gray: RGB( 88, 157, 144)
shade of gray: RGB( 143, 69, 102) + shade of gray: RGB( 149, 169, 107)
shade of white: RGB( 38, 29, 6) + shade of black: RGB( 235, 216, 148)
shade of white: RGB( 38, 29, 6) + shade of black: RGB( 43, 242, 225)
shade of white: RGB( 38, 29, 6) + shade of black: RGB( 175, 250, 186)
shade of white: RGB( 38, 29, 6) + shade of black: RGB( 194, 202, 145)
shade of white: RGB( 38, 29, 6) + shade of black: RGB( 209, 183, 237)
shade of white: RGB( 38, 29, 6) + shade of black: RGB( 120, 232, 171)
shade of orange: RGB( 221, 174, 5) + shade of violet: RGB( 204, 45, 238)
shade of orange: RGB( 221, 174, 5) + shade of violet: RGB( 168, 26, 234)
shade of yellow: RGB( 229, 183, 14) + shade of violet: RGB( 204, 45, 238)
shade of yellow: RGB( 229, 183, 14) + shade of violet: RGB( 168, 26, 234)
shade of gray: RGB( 12, 90, 142) + shade of brown: RGB( 152, 155, 67)
shade of gray: RGB( 12, 90, 142) + shade of brown: RGB( 230, 108, 81)
shade of gray: RGB( 12, 90, 142) + shade of brown: RGB( 227, 99, 84)
shade of gray: RGB( 12, 90, 142) + shade of brown: RGB( 192, 57, 27)
shade of gray: RGB( 12, 90, 142) + shade of brown: RGB( 149, 93, 59)
shade of gray: RGB( 12, 90, 142) + shade of brown: RGB( 191, 148, 34)
shade of indigo: RGB( 98, 24, 175) + shade of yellow: RGB( 229, 183, 14)
shade of indigo: RGB( 98, 24, 175) + shade of yellow: RGB( 247, 228, 23)
shade of gray: RGB( 132, 99, 83) + shade of gray: RGB( 136, 199, 112)
shade of gray: RGB( 132, 99, 83) + shade of gray: RGB( 12, 90, 142)
shade of gray: RGB( 132, 99, 83) + shade of gray: RGB( 132, 99, 83)
shade of gray: RGB( 132, 99, 83) + shade of gray: RGB( 75, 138, 36)
shade of gray: RGB( 132, 99, 83) + shade of gray: RGB( 45, 152, 86)
shade of gray: RGB( 132, 99, 83) + shade of gray: RGB( 228, 172, 142)
shade of gray: RGB( 132, 99, 83) + shade of gray: RGB( 14, 162, 99)
shade of gray: RGB( 132, 99, 83) + shade of gray: RGB( 158, 138, 113)
shade of gray: RGB( 132, 99, 83) + shade of gray: RGB( 65, 69, 51)
shade of gray: RGB( 132, 99, 83) + shade of gray: RGB( 88, 127, 91)
shade of gray: RGB( 132, 99, 83) + shade of gray: RGB( 88, 157, 144)
shade of gray: RGB( 132, 99, 83) + shade of gray: RGB( 149, 169, 107)
shade of orange: RGB( 219, 135, 44) + shade of indigo: RGB( 98, 24, 175)
shade of orange: RGB( 219, 135, 44) + shade of indigo: RGB( 19, 97, 194)
shade of orange: RGB( 219, 135, 44) + shade of indigo: RGB( 6, 21, 75)
shade of orange: RGB( 219, 135, 44) + shade of indigo: RGB( 127, 43, 180)
shade of white: RGB( 75, 1, 8) + shade of black: RGB( 235, 216, 148)
shade of white: RGB( 75, 1, 8) + shade of black: RGB( 43, 242, 225)
shade of white: RGB( 75, 1, 8) + shade of black: RGB( 175, 250, 186)
shade of white: RGB( 75, 1, 8) + shade of black: RGB( 194, 202, 145)
shade of white: RGB( 75, 1, 8) + shade of black: RGB( 209, 183, 237)
shade of white: RGB( 75, 1, 8) + shade of black: RGB( 120, 232, 171)
shade of brown: RGB( 230, 108, 81) + shade of gray: RGB( 136, 199, 112)
shade of brown: RGB( 230, 108, 81) + shade of gray: RGB( 143, 69, 102)
shade of brown: RGB( 230, 108, 81) + shade of gray: RGB( 132, 99, 83)
shade of brown: RGB( 230, 108, 81) + shade of gray: RGB( 75, 138, 36)
shade of brown: RGB( 230, 108, 81) + shade of gray: RGB( 45, 152, 86)
shade of brown: RGB( 230, 108, 81) + shade of gray: RGB( 228, 172, 142)
shade of brown: RGB( 230, 108, 81) + shade of gray: RGB( 14, 162, 99)
shade of brown: RGB( 230, 108, 81) + shade of gray: RGB( 158, 138, 113)
shade of brown: RGB( 230, 108, 81) + shade of gray: RGB( 65, 69, 51)
shade of brown: RGB( 230, 108, 81) + shade of gray: RGB( 88, 127, 91)
shade of brown: RGB( 230, 108, 81) + shade of gray: RGB( 88, 157, 144)
shade of brown: RGB( 230, 108, 81) + shade of gray: RGB( 149, 169, 107)
shade of gray: RGB( 75, 138, 36) + shade of pink: RGB( 247, 115, 127)
shade of gray: RGB( 75, 138, 36) + shade of pink: RGB( 179, 117, 164)
shade of indigo: RGB( 19, 97, 194) + shade of orange: RGB( 221, 174, 5)
shade of indigo: RGB( 19, 97, 194) + shade of orange: RGB( 209, 142, 11)
shade of green: RGB( 32, 246, 37) + shade of violet: RGB( 204, 45, 238)
shade of green: RGB( 32, 246, 37) + shade of violet: RGB( 168, 26, 234)
shade of blue: RGB( 99, 13, 241) + shade of green: RGB( 125, 226, 88)
shade of blue: RGB( 99, 13, 241) + shade of green: RGB( 32, 246, 37)
shade of blue: RGB( 99, 13, 241) + shade of green: RGB( 67, 168, 40)
shade of blue: RGB( 99, 13, 241) + shade of green: RGB( 138, 243, 132)
shade of blue: RGB( 99, 13, 241) + shade of green: RGB( 88, 179, 0)
shade of blue: RGB( 99, 13, 241) + shade of green: RGB( 35, 226, 156)
shade of green: RGB( 67, 168, 40) + shade of violet: RGB( 204, 45, 238)
shade of green: RGB( 67, 168, 40) + shade of violet: RGB( 168, 26, 234)
shade of black: RGB( 235, 216, 148) + shade of indigo: RGB( 98, 24, 175)
shade of black: RGB( 235, 216, 148) + shade of indigo: RGB( 19, 97, 194)
shade of black: RGB( 235, 216, 148) + shade of indigo: RGB( 6, 21, 75)
shade of black: RGB( 235, 216, 148) + shade of indigo: RGB( 127, 43, 180)
shade of green: RGB( 138, 243, 132) + shade of indigo: RGB( 98, 24, 175)
shade of green: RGB( 138, 243, 132) + shade of indigo: RGB( 19, 97, 194)
shade of green: RGB( 138, 243, 132) + shade of indigo: RGB( 6, 21, 75)
shade of green: RGB( 138, 243, 132) + shade of indigo: RGB( 127, 43, 180)
shade of indigo: RGB( 6, 21, 75) + shade of black: RGB( 43, 242, 225)
shade of indigo: RGB( 6, 21, 75) + shade of black: RGB( 175, 250, 186)
shade of indigo: RGB( 6, 21, 75) + shade of black: RGB( 194, 202, 145)
shade of indigo: RGB( 6, 21, 75) + shade of black: RGB( 209, 183, 237)
shade of indigo: RGB( 6, 21, 75) + shade of black: RGB( 120, 232, 171)
shade of orange: RGB( 209, 142, 11) + shade of indigo: RGB( 98, 24, 175)
shade of orange: RGB( 209, 142, 11) + shade of indigo: RGB( 6, 21, 75)
shade of orange: RGB( 209, 142, 11) + shade of indigo: RGB( 127, 43, 180)
shade of violet: RGB( 204, 45, 238) + shade of green: RGB( 125, 226, 88)
shade of violet: RGB( 204, 45, 238) + shade of green: RGB( 138, 243, 132)
shade of violet: RGB( 204, 45, 238) + shade of green: RGB( 88, 179, 0)
shade of violet: RGB( 204, 45, 238) + shade of green: RGB( 35, 226, 156)
shade of brown: RGB( 227, 99, 84) + shade of gray: RGB( 136, 199, 112)
shade of brown: RGB( 227, 99, 84) + shade of gray: RGB( 143, 69, 102)
shade of brown: RGB( 227, 99, 84) + shade of gray: RGB( 132, 99, 83)
shade of brown: RGB( 227, 99, 84) + shade of gray: RGB( 75, 138, 36)
shade of brown: RGB( 227, 99, 84) + shade of gray: RGB( 45, 152, 86)
shade of brown: RGB( 227, 99, 84) + shade of gray: RGB( 228, 172, 142)
shade of brown: RGB( 227, 99, 84) + shade of gray: RGB( 14, 162, 99)
shade of brown: RGB( 227, 99, 84) + shade of gray: RGB( 158, 138, 113)
shade of brown: RGB( 227, 99, 84) + shade of gray: RGB( 65, 69, 51)
shade of brown: RGB( 227, 99, 84) + shade of gray: RGB( 88, 127, 91)
shade of brown: RGB( 227, 99, 84) + shade of gray: RGB( 88, 157, 144)
shade of brown: RGB( 227, 99, 84) + shade of gray: RGB( 149, 169, 107)
shade of black: RGB( 175, 250, 186) + shade of indigo: RGB( 98, 24, 175)
shade of black: RGB( 175, 250, 186) + shade of indigo: RGB( 19, 97, 194)
shade of black: RGB( 175, 250, 186) + shade of indigo: RGB( 127, 43, 180)
shade of pink: RGB( 247, 115, 127) + shade of gray: RGB( 136, 199, 112)
shade of pink: RGB( 247, 115, 127) + shade of gray: RGB( 143, 69, 102)
shade of pink: RGB( 247, 115, 127) + shade of gray: RGB( 12, 90, 142)
shade of pink: RGB( 247, 115, 127) + shade of gray: RGB( 132, 99, 83)
shade of pink: RGB( 247, 115, 127) + shade of gray: RGB( 45, 152, 86)
shade of pink: RGB( 247, 115, 127) + shade of gray: RGB( 228, 172, 142)
shade of pink: RGB( 247, 115, 127) + shade of gray: RGB( 14, 162, 99)
shade of pink: RGB( 247, 115, 127) + shade of gray: RGB( 158, 138, 113)
shade of pink: RGB( 247, 115, 127) + shade of gray: RGB( 65, 69, 51)
shade of pink: RGB( 247, 115, 127) + shade of gray: RGB( 88, 127, 91)
shade of pink: RGB( 247, 115, 127) + shade of gray: RGB( 88, 157, 144)
shade of pink: RGB( 247, 115, 127) + shade of gray: RGB( 149, 169, 107)
shade of gray: RGB( 45, 152, 86) + shade of pink: RGB( 179, 117, 164)
shade of pink: RGB( 179, 117, 164) + shade of gray: RGB( 136, 199, 112)
shade of pink: RGB( 179, 117, 164) + shade of gray: RGB( 143, 69, 102)
shade of pink: RGB( 179, 117, 164) + shade of gray: RGB( 12, 90, 142)
shade of pink: RGB( 179, 117, 164) + shade of gray: RGB( 132, 99, 83)
shade of pink: RGB( 179, 117, 164) + shade of gray: RGB( 228, 172, 142)
shade of pink: RGB( 179, 117, 164) + shade of gray: RGB( 14, 162, 99)
shade of pink: RGB( 179, 117, 164) + shade of gray: RGB( 158, 138, 113)
shade of pink: RGB( 179, 117, 164) + shade of gray: RGB( 65, 69, 51)
shade of pink: RGB( 179, 117, 164) + shade of gray: RGB( 88, 127, 91)
shade of pink: RGB( 179, 117, 164) + shade of gray: RGB( 88, 157, 144)
shade of pink: RGB( 179, 117, 164) + shade of gray: RGB( 149, 169, 107)
shade of violet: RGB( 168, 26, 234) + shade of green: RGB( 125, 226, 88)
shade of violet: RGB( 168, 26, 234) + shade of green: RGB( 138, 243, 132)
shade of violet: RGB( 168, 26, 234) + shade of green: RGB( 88, 179, 0)
shade of violet: RGB( 168, 26, 234) + shade of green: RGB( 35, 226, 156)
shade of white: RGB( 69, 60, 30) + shade of black: RGB( 235, 216, 148)
shade of white: RGB( 69, 60, 30) + shade of black: RGB( 43, 242, 225)
shade of white: RGB( 69, 60, 30) + shade of black: RGB( 175, 250, 186)
shade of white: RGB( 69, 60, 30) + shade of black: RGB( 194, 202, 145)
shade of white: RGB( 69, 60, 30) + shade of black: RGB( 209, 183, 237)
shade of white: RGB( 69, 60, 30) + shade of black: RGB( 120, 232, 171)
shade of brown: RGB( 192, 57, 27) + shade of gray: RGB( 136, 199, 112)
shade of brown: RGB( 192, 57, 27) + shade of gray: RGB( 143, 69, 102)
shade of brown: RGB( 192, 57, 27) + shade of gray: RGB( 132, 99, 83)
shade of brown: RGB( 192, 57, 27) + shade of gray: RGB( 75, 138, 36)
shade of brown: RGB( 192, 57, 27) + shade of gray: RGB( 45, 152, 86)
shade of brown: RGB( 192, 57, 27) + shade of gray: RGB( 228, 172, 142)
shade of brown: RGB( 192, 57, 27) + shade of gray: RGB( 14, 162, 99)
shade of brown: RGB( 192, 57, 27) + shade of gray: RGB( 158, 138, 113)
shade of brown: RGB( 192, 57, 27) + shade of gray: RGB( 65, 69, 51)
shade of brown: RGB( 192, 57, 27) + shade of gray: RGB( 88, 127, 91)
shade of brown: RGB( 192, 57, 27) + shade of gray: RGB( 88, 157, 144)
shade of brown: RGB( 192, 57, 27) + shade of gray: RGB( 149, 169, 107)
shade of gray: RGB( 228, 172, 142) + shade of gray: RGB( 136, 199, 112)
shade of gray: RGB( 228, 172, 142) + shade of gray: RGB( 12, 90, 142)
shade of gray: RGB( 228, 172, 142) + shade of gray: RGB( 75, 138, 36)
shade of gray: RGB( 228, 172, 142) + shade of gray: RGB( 45, 152, 86)
shade of gray: RGB( 228, 172, 142) + shade of gray: RGB( 228, 172, 142)
shade of gray: RGB( 228, 172, 142) + shade of gray: RGB( 14, 162, 99)
shade of gray: RGB( 228, 172, 142) + shade of gray: RGB( 158, 138, 113)
shade of gray: RGB( 228, 172, 142) + shade of gray: RGB( 65, 69, 51)
shade of gray: RGB( 228, 172, 142) + shade of gray: RGB( 88, 127, 91)
shade of gray: RGB( 228, 172, 142) + shade of gray: RGB( 88, 157, 144)
shade of gray: RGB( 228, 172, 142) + shade of gray: RGB( 149, 169, 107)
shade of gray: RGB( 158, 138, 113) + shade of gray: RGB( 136, 199, 112)
shade of gray: RGB( 158, 138, 113) + shade of gray: RGB( 12, 90, 142)
shade of gray: RGB( 158, 138, 113) + shade of gray: RGB( 75, 138, 36)
shade of gray: RGB( 158, 138, 113) + shade of gray: RGB( 45, 152, 86)
shade of gray: RGB( 158, 138, 113) + shade of gray: RGB( 14, 162, 99)
shade of gray: RGB( 158, 138, 113) + shade of gray: RGB( 158, 138, 113)
shade of gray: RGB( 158, 138, 113) + shade of gray: RGB( 65, 69, 51)
shade of gray: RGB( 158, 138, 113) + shade of gray: RGB( 88, 127, 91)
shade of gray: RGB( 158, 138, 113) + shade of gray: RGB( 88, 157, 144)
shade of gray: RGB( 158, 138, 113) + shade of gray: RGB( 149, 169, 107)
shade of gray: RGB( 65, 69, 51) + shade of gray: RGB( 136, 199, 112)
shade of gray: RGB( 65, 69, 51) + shade of gray: RGB( 12, 90, 142)
shade of gray: RGB( 65, 69, 51) + shade of gray: RGB( 75, 138, 36)
shade of gray: RGB( 65, 69, 51) + shade of gray: RGB( 45, 152, 86)
shade of gray: RGB( 65, 69, 51) + shade of gray: RGB( 14, 162, 99)
shade of gray: RGB( 65, 69, 51) + shade of gray: RGB( 65, 69, 51)
shade of gray: RGB( 65, 69, 51) + shade of gray: RGB( 88, 127, 91)
shade of gray: RGB( 65, 69, 51) + shade of gray: RGB( 88, 157, 144)
shade of gray: RGB( 65, 69, 51) + shade of gray: RGB( 149, 169, 107)
shade of gray: RGB( 88, 127, 91) + shade of gray: RGB( 136, 199, 112)
shade of gray: RGB( 88, 127, 91) + shade of gray: RGB( 12, 90, 142)
shade of gray: RGB( 88, 127, 91) + shade of gray: RGB( 75, 138, 36)
shade of gray: RGB( 88, 127, 91) + shade of gray: RGB( 45, 152, 86)
shade of gray: RGB( 88, 127, 91) + shade of gray: RGB( 14, 162, 99)
shade of gray: RGB( 88, 127, 91) + shade of gray: RGB( 88, 127, 91)
shade of gray: RGB( 88, 127, 91) + shade of gray: RGB( 88, 157, 144)
shade of gray: RGB( 88, 127, 91) + shade of gray: RGB( 149, 169, 107)
shade of indigo: RGB( 127, 43, 180) + shade of green: RGB( 32, 246, 37)
shade of indigo: RGB( 127, 43, 180) + shade of green: RGB( 67, 168, 40)
shade of indigo: RGB( 127, 43, 180) + shade of green: RGB( 88, 179, 0)
shade of indigo: RGB( 127, 43, 180) + shade of green: RGB( 35, 226, 156)
shade of green: RGB( 35, 226, 156) + shade of pink: RGB( 247, 115, 127)
shade of green: RGB( 35, 226, 156) + shade of pink: RGB( 179, 117, 164)
shade of white: RGB( 23, 60, 57) + shade of black: RGB( 235, 216, 148)
shade of white: RGB( 23, 60, 57) + shade of black: RGB( 43, 242, 225)
shade of white: RGB( 23, 60, 57) + shade of black: RGB( 175, 250, 186)
shade of white: RGB( 23, 60, 57) + shade of black: RGB( 194, 202, 145)
shade of white: RGB( 23, 60, 57) + shade of black: RGB( 209, 183, 237)
shade of white: RGB( 23, 60, 57) + shade of black: RGB( 120, 232, 171)
shade of yellow: RGB( 247, 228, 23) + shade of blue: RGB( 99, 13, 241)
shade of brown: RGB( 149, 93, 59) + shade of gray: RGB( 136, 199, 112)
shade of brown: RGB( 149, 93, 59) + shade of gray: RGB( 143, 69, 102)
shade of brown: RGB( 149, 93, 59) + shade of gray: RGB( 132, 99, 83)
shade of brown: RGB( 149, 93, 59) + shade of gray: RGB( 75, 138, 36)
shade of brown: RGB( 149, 93, 59) + shade of gray: RGB( 45, 152, 86)
shade of brown: RGB( 149, 93, 59) + shade of gray: RGB( 228, 172, 142)
shade of brown: RGB( 149, 93, 59) + shade of gray: RGB( 14, 162, 99)
shade of brown: RGB( 149, 93, 59) + shade of gray: RGB( 158, 138, 113)
shade of brown: RGB( 149, 93, 59) + shade of gray: RGB( 65, 69, 51)
shade of brown: RGB( 149, 93, 59) + shade of gray: RGB( 88, 127, 91)
shade of brown: RGB( 149, 93, 59) + shade of gray: RGB( 88, 157, 144)
shade of brown: RGB( 149, 93, 59) + shade of gray: RGB( 149, 169, 107)
shade of brown: RGB( 191, 148, 34) + shade of indigo: RGB( 98, 24, 175)
shade of brown: RGB( 191, 148, 34) + shade of indigo: RGB( 19, 97, 194)
shade of brown: RGB( 191, 148, 34) + shade of indigo: RGB( 6, 21, 75)
shade of brown: RGB( 191, 148, 34) + shade of indigo: RGB( 127, 43, 180)
shade of gray: RGB( 88, 157, 144) + shade of gray: RGB( 136, 199, 112)
shade of gray: RGB( 88, 157, 144) + shade of gray: RGB( 12, 90, 142)
shade of gray: RGB( 88, 157, 144) + shade of gray: RGB( 75, 138, 36)
shade of gray: RGB( 88, 157, 144) + shade of gray: RGB( 45, 152, 86)
shade of gray: RGB( 88, 157, 144) + shade of gray: RGB( 14, 162, 99)
shade of gray: RGB( 88, 157, 144) + shade of gray: RGB( 88, 157, 144)
shade of gray: RGB( 88, 157, 144) + shade of gray: RGB( 149, 169, 107)
shade of black: RGB( 194, 202, 145) + shade of indigo: RGB( 98, 24, 175)
shade of black: RGB( 194, 202, 145) + shade of indigo: RGB( 19, 97, 194)
shade of black: RGB( 194, 202, 145) + shade of indigo: RGB( 127, 43, 180)
shade of gray: RGB( 149, 169, 107) + shade of gray: RGB( 136, 199, 112)
shade of gray: RGB( 149, 169, 107) + shade of gray: RGB( 12, 90, 142)
shade of gray: RGB( 149, 169, 107) + shade of gray: RGB( 75, 138, 36)
shade of gray: RGB( 149, 169, 107) + shade of gray: RGB( 45, 152, 86)
shade of gray: RGB( 149, 169, 107) + shade of gray: RGB( 14, 162, 99)
shade of gray: RGB( 149, 169, 107) + shade of gray: RGB( 149, 169, 107)
shade of black: RGB( 209, 183, 237) + shade of gray: RGB( 136, 199, 112)
shade of black: RGB( 209, 183, 237) + shade of gray: RGB( 143, 69, 102)
shade of black: RGB( 209, 183, 237) + shade of gray: RGB( 12, 90, 142)
shade of black: RGB( 209, 183, 237) + shade of gray: RGB( 132, 99, 83)
shade of black: RGB( 209, 183, 237) + shade of gray: RGB( 75, 138, 36)
shade of black: RGB( 209, 183, 237) + shade of gray: RGB( 45, 152, 86)
shade of black: RGB( 209, 183, 237) + shade of gray: RGB( 228, 172, 142)
shade of black: RGB( 209, 183, 237) + shade of gray: RGB( 14, 162, 99)
shade of black: RGB( 209, 183, 237) + shade of gray: RGB( 158, 138, 113)
shade of black: RGB( 209, 183, 237) + shade of gray: RGB( 65, 69, 51)
shade of black: RGB( 209, 183, 237) + shade of gray: RGB( 88, 127, 91)
shade of black: RGB( 209, 183, 237) + shade of gray: RGB( 88, 157, 144)
shade of black: RGB( 209, 183, 237) + shade of gray: RGB( 149, 169, 107)
shade of black: RGB( 120, 232, 171) + shade of pink: RGB( 247, 115, 127)
shade of black: RGB( 120, 232, 171) + shade of pink: RGB( 179, 117, 164)
shade of white: RGB( 66, 60, 40) + shade of black: RGB( 235, 216, 148)
shade of white: RGB( 66, 60, 40) + shade of black: RGB( 43, 242, 225)
shade of white: RGB( 66, 60, 40) + shade of black: RGB( 175, 250, 186)
shade of white: RGB( 66, 60, 40) + shade of black: RGB( 194, 202, 145)
shade of white: RGB( 66, 60, 40) + shade of black: RGB( 209, 183, 237)
shade of white: RGB( 66, 60, 40) + shade of black: RGB( 120, 232, 171)
